<?xml version="1.0" encoding="UTF-8"?>
<!-- Generated by org.testng.reporters.JUnitReportReporter -->
<testsuite skipped="0" hostname="APOORVA" name="ParallelWebTesting.parallelTest" tests="2" failures="0" timestamp="2020-07-03T15:00:07 IST" time="18.475" errors="0">
  <testcase name="getFF" time="12.742" classname="ParallelWebTesting.parallelTest"/>
  <system-out/>
  <testcase name="getFF" time="5.733" classname="ParallelWebTesting.parallelTest"/>
  <system-out/>
</testsuite> <!-- ParallelWebTesting.parallelTest -->
