<?xml version="1.0" encoding="UTF-8"?>
<!-- Generated by org.testng.reporters.JUnitReportReporter -->
<testsuite skipped="3" hostname="APOORVA" name="APITesting.API" tests="4" failures="0" timestamp="2020-07-01T17:00:19 IST" time="1.642" errors="0">
  <testcase name="putMethod" time="1.642" classname="APITesting.API"/>
  <system-out/>
  <testcase name="deleteResponseCode" classname="APITesting.API">
    <skipped/>
  </testcase> <!-- deleteResponseCode -->
  <system-out/>
  <testcase name="getResponseCode" classname="APITesting.API">
    <skipped/>
  </testcase> <!-- getResponseCode -->
  <system-out/>
  <testcase name="postMethod" classname="APITesting.API">
    <skipped/>
  </testcase> <!-- postMethod -->
  <system-out/>
</testsuite> <!-- APITesting.API -->
