<?xml version="1.0" encoding="UTF-8"?>
<!-- Generated by org.testng.reporters.JUnitReportReporter -->
<testsuite skipped="0" hostname="APOORVA" name="Reports.Reports" tests="1" failures="0" timestamp="2020-07-03T14:14:58 IST" time="0.860" errors="0">
  <testcase name="loginTest" time="0.860" classname="Reports.Reports"/>
  <system-out/>
</testsuite> <!-- Reports.Reports -->
